# JRE version: Java(TM) SE Runtime Environment (8.0_301-b09) (build 1.8.0_301-b09)
# Java VM: Java HotSpot(TM) 64-Bit Server VM (25.301-b09 mixed mode windows-amd64 compressed oops)
Heap:
 PSYoungGen      total 75776K, used 22730K [0x000000076b800000, 0x0000000770c80000, 0x00000007c0000000)
  eden space 65024K, 34% used [0x000000076b800000,0x000000076ce32b58,0x000000076f780000)
  from space 10752K, 0% used [0x000000076f780000,0x000000076f780000,0x0000000770200000)
  to   space 10752K, 0% used [0x0000000770200000,0x0000000770200000,0x0000000770c80000)
 ParOldGen       total 76288K, used 9859K [0x00000006c2800000, 0x00000006c7280000, 0x000000076b800000)
  object space 76288K, 12% used [0x00000006c2800000,0x00000006c31a0e48,0x00000006c7280000)
 Metaspace       used 22271K, capacity 23678K, committed 23856K, reserved 1069056K
  class space    used 3062K, capacity 3360K, committed 3376K, reserved 1048576K
GC Heap History (4 events):
Event: 22.067 GC heap before
{Heap before GC invocations=1 (full 0):
 PSYoungGen      total 75776K, used 50790K [0x000000076b800000, 0x0000000770c80000, 0x00000007c0000000)
  eden space 65024K, 78% used [0x000000076b800000,0x000000076e9998b8,0x000000076f780000)
  from space 10752K, 0% used [0x0000000770200000,0x0000000770200000,0x0000000770c80000)
  to   space 10752K, 0% used [0x000000076f780000,0x000000076f780000,0x0000000770200000)
 ParOldGen       total 173568K, used 0K [0x00000006c2800000, 0x00000006cd180000, 0x000000076b800000)
  object space 173568K, 0% used [0x00000006c2800000,0x00000006c2800000,0x00000006cd180000)
 Metaspace       used 20075K, capacity 21242K, committed 21296K, reserved 1067008K
  class space    used 2844K, capacity 3110K, committed 3120K, reserved 1048576K
Event: 22.074 GC heap after
Heap after GC invocations=1 (full 0):
 PSYoungGen      total 75776K, used 10736K [0x000000076b800000, 0x0000000770c80000, 0x00000007c0000000)
  eden space 65024K, 0% used [0x000000076b800000,0x000000076b800000,0x000000076f780000)
  from space 10752K, 99% used [0x000000076f780000,0x00000007701fc0a0,0x0000000770200000)
  to   space 10752K, 0% used [0x0000000770200000,0x0000000770200000,0x0000000770c80000)
 ParOldGen       total 173568K, used 1257K [0x00000006c2800000, 0x00000006cd180000, 0x000000076b800000)
  object space 173568K, 0% used [0x00000006c2800000,0x00000006c293a430,0x00000006cd180000)
 Metaspace       used 20075K, capacity 21242K, committed 21296K, reserved 1067008K
  class space    used 2844K, capacity 3110K, committed 3120K, reserved 1048576K
}
Event: 22.074 GC heap before
{Heap before GC invocations=2 (full 1):
 PSYoungGen      total 75776K, used 10736K [0x000000076b800000, 0x0000000770c80000, 0x00000007c0000000)
  eden space 65024K, 0% used [0x000000076b800000,0x000000076b800000,0x000000076f780000)
  from space 10752K, 99% used [0x000000076f780000,0x00000007701fc0a0,0x0000000770200000)
  to   space 10752K, 0% used [0x0000000770200000,0x0000000770200000,0x0000000770c80000)
 ParOldGen       total 173568K, used 1257K [0x00000006c2800000, 0x00000006cd180000, 0x000000076b800000)
  object space 173568K, 0% used [0x00000006c2800000,0x00000006c293a430,0x00000006cd180000)
 Metaspace       used 20075K, capacity 21242K, committed 21296K, reserved 1067008K
  class space    used 2844K, capacity 3110K, committed 3120K, reserved 1048576K
Event: 22.100 GC heap after
Heap after GC invocations=2 (full 1):
 PSYoungGen      total 75776K, used 0K [0x000000076b800000, 0x0000000770c80000, 0x00000007c0000000)
  eden space 65024K, 0% used [0x000000076b800000,0x000000076b800000,0x000000076f780000)
  from space 10752K, 0% used [0x000000076f780000,0x000000076f780000,0x0000000770200000)
  to   space 10752K, 0% used [0x0000000770200000,0x0000000770200000,0x0000000770c80000)
 ParOldGen       total 76288K, used 9859K [0x00000006c2800000, 0x00000006c7280000, 0x000000076b800000)
  object space 76288K, 12% used [0x00000006c2800000,0x00000006c31a0e48,0x00000006c7280000)
 Metaspace       used 20075K, capacity 21242K, committed 21296K, reserved 1067008K
  class space    used 2844K, capacity 3110K, committed 3120K, reserved 1048576K
}

